ARM GAS  /tmp/ccOTqEa3.s 			page 1


   1              		.syntax unified
   2              		.cpu cortex-m3
   3              		.fpu softvfp
   4              		.eabi_attribute 20, 1
   5              		.eabi_attribute 21, 1
   6              		.eabi_attribute 23, 3
   7              		.eabi_attribute 24, 1
   8              		.eabi_attribute 25, 1
   9              		.eabi_attribute 26, 1
  10              		.eabi_attribute 30, 4
  11              		.eabi_attribute 34, 1
  12              		.eabi_attribute 18, 4
  13              		.thumb
  14              		.file	"usbinit.c"
  15              		.text
  16              	.Ltext0:
  17              		.cfi_sections	.debug_frame
  18              		.section	.text.HandleUsbReset,"ax",%progbits
  19              		.align	1
  20              		.thumb
  21              		.thumb_func
  23              	HandleUsbReset:
  24              	.LFB0:
  25              		.file 1 "../common/lpcusb/target/usbinit.c"
   1:../common/lpcusb/target/usbinit.c **** /*
   2:../common/lpcusb/target/usbinit.c **** 	LPCUSB, an USB device driver for LPC microcontrollers	
   3:../common/lpcusb/target/usbinit.c **** 	Copyright (C) 2006 Bertrik Sikken (bertrik@sikken.nl)
   4:../common/lpcusb/target/usbinit.c **** 
   5:../common/lpcusb/target/usbinit.c **** 	Redistribution and use in source and binary forms, with or without
   6:../common/lpcusb/target/usbinit.c **** 	modification, are permitted provided that the following conditions are met:
   7:../common/lpcusb/target/usbinit.c **** 
   8:../common/lpcusb/target/usbinit.c **** 	1. Redistributions of source code must retain the above copyright
   9:../common/lpcusb/target/usbinit.c **** 	   notice, this list of conditions and the following disclaimer.
  10:../common/lpcusb/target/usbinit.c **** 	2. Redistributions in binary form must reproduce the above copyright
  11:../common/lpcusb/target/usbinit.c **** 	   notice, this list of conditions and the following disclaimer in the
  12:../common/lpcusb/target/usbinit.c **** 	   documentation and/or other materials provided with the distribution.
  13:../common/lpcusb/target/usbinit.c **** 	3. The name of the author may not be used to endorse or promote products
  14:../common/lpcusb/target/usbinit.c **** 	   derived from this software without specific prior written permission.
  15:../common/lpcusb/target/usbinit.c **** 
  16:../common/lpcusb/target/usbinit.c **** 	THIS SOFTWARE IS PROVIDED BY THE AUTHOR ``AS IS'' AND ANY EXPRESS OR
  17:../common/lpcusb/target/usbinit.c **** 	IMPLIED WARRANTIES, INCLUDING, BUT NOT LIMITED TO, THE IMPLIED WARRANTIES
  18:../common/lpcusb/target/usbinit.c **** 	OF MERCHANTABILITY AND FITNESS FOR A PARTICULAR PURPOSE ARE DISCLAIMED.
  19:../common/lpcusb/target/usbinit.c **** 	IN NO EVENT SHALL THE AUTHOR BE LIABLE FOR ANY DIRECT, INDIRECT, 
  20:../common/lpcusb/target/usbinit.c **** 	INCIDENTAL, SPECIAL, EXEMPLARY, OR CONSEQUENTIAL DAMAGES (INCLUDING, BUT
  21:../common/lpcusb/target/usbinit.c **** 	NOT LIMITED TO, PROCUREMENT OF SUBSTITUTE GOODS OR SERVICES; LOSS OF USE,
  22:../common/lpcusb/target/usbinit.c **** 	DATA, OR PROFITS; OR BUSINESS INTERRUPTION) HOWEVER CAUSED AND ON ANY
  23:../common/lpcusb/target/usbinit.c **** 	THEORY OF LIABILITY, WHETHER IN CONTRACT, STRICT LIABILITY, OR TORT
  24:../common/lpcusb/target/usbinit.c **** 	(INCLUDING NEGLIGENCE OR OTHERWISE) ARISING IN ANY WAY OUT OF THE USE OF
  25:../common/lpcusb/target/usbinit.c **** 	THIS SOFTWARE, EVEN IF ADVISED OF THE POSSIBILITY OF SUCH DAMAGE.
  26:../common/lpcusb/target/usbinit.c **** */
  27:../common/lpcusb/target/usbinit.c **** 
  28:../common/lpcusb/target/usbinit.c **** 
  29:../common/lpcusb/target/usbinit.c **** /** @file
  30:../common/lpcusb/target/usbinit.c **** 	USB stack initialisation
  31:../common/lpcusb/target/usbinit.c ****  */
  32:../common/lpcusb/target/usbinit.c **** 
  33:../common/lpcusb/target/usbinit.c **** #include "type.h"
ARM GAS  /tmp/ccOTqEa3.s 			page 2


  34:../common/lpcusb/target/usbinit.c **** #include "debug.h"
  35:../common/lpcusb/target/usbinit.c **** 
  36:../common/lpcusb/target/usbinit.c **** #include "usbhw_lpc.h"
  37:../common/lpcusb/target/usbinit.c **** #include "usbapi.h"
  38:../common/lpcusb/target/usbinit.c **** 
  39:../common/lpcusb/target/usbinit.c **** 
  40:../common/lpcusb/target/usbinit.c **** /** data storage area for standard requests */
  41:../common/lpcusb/target/usbinit.c **** static U8	abStdReqData[8];
  42:../common/lpcusb/target/usbinit.c **** 
  43:../common/lpcusb/target/usbinit.c **** 
  44:../common/lpcusb/target/usbinit.c **** /**
  45:../common/lpcusb/target/usbinit.c **** 	USB reset handler
  46:../common/lpcusb/target/usbinit.c **** 	
  47:../common/lpcusb/target/usbinit.c **** 	@param [in] bDevStatus	Device status
  48:../common/lpcusb/target/usbinit.c ****  */
  49:../common/lpcusb/target/usbinit.c **** static void HandleUsbReset(U8 bDevStatus)
  50:../common/lpcusb/target/usbinit.c **** {
  26              		.loc 1 50 0
  27              		.cfi_startproc
  28              		@ args = 0, pretend = 0, frame = 0
  29              		@ frame_needed = 0, uses_anonymous_args = 0
  30              		@ link register save eliminated.
  31              	.LVL0:
  32 0000 7047     		bx	lr
  33              		.cfi_endproc
  34              	.LFE0:
  36              		.section	.text.USBInit,"ax",%progbits
  37              		.align	1
  38              		.global	USBInit
  39              		.thumb
  40              		.thumb_func
  42              	USBInit:
  43              	.LFB1:
  51:../common/lpcusb/target/usbinit.c **** 	if (bDevStatus & DEV_STATUS_RESET) {
  52:../common/lpcusb/target/usbinit.c **** 		DBG("\n!");
  53:../common/lpcusb/target/usbinit.c **** 	}
  54:../common/lpcusb/target/usbinit.c **** }
  55:../common/lpcusb/target/usbinit.c **** 
  56:../common/lpcusb/target/usbinit.c **** 
  57:../common/lpcusb/target/usbinit.c **** /**
  58:../common/lpcusb/target/usbinit.c **** 	Initialises the USB hardware and sets up the USB stack by
  59:../common/lpcusb/target/usbinit.c **** 	installing default callbacks.
  60:../common/lpcusb/target/usbinit.c **** 	
  61:../common/lpcusb/target/usbinit.c **** 	@return TRUE if initialisation was successful
  62:../common/lpcusb/target/usbinit.c ****  */
  63:../common/lpcusb/target/usbinit.c **** BOOL USBInit(void)
  64:../common/lpcusb/target/usbinit.c **** {
  44              		.loc 1 64 0
  45              		.cfi_startproc
  46              		@ args = 0, pretend = 0, frame = 0
  47              		@ frame_needed = 0, uses_anonymous_args = 0
  48              		.loc 1 64 0
  49 0000 10B5     		push	{r4, lr}
  50              		.cfi_def_cfa_offset 8
  51              		.cfi_offset 4, -8
  52              		.cfi_offset 14, -4
  65:../common/lpcusb/target/usbinit.c **** 	// init hardware
ARM GAS  /tmp/ccOTqEa3.s 			page 3


  66:../common/lpcusb/target/usbinit.c **** 	USBHwInit();
  67:../common/lpcusb/target/usbinit.c **** 	
  68:../common/lpcusb/target/usbinit.c **** 	// register bus reset handler
  69:../common/lpcusb/target/usbinit.c **** 	USBHwRegisterDevIntHandler(HandleUsbReset);
  70:../common/lpcusb/target/usbinit.c **** 	
  71:../common/lpcusb/target/usbinit.c **** 	// register control transfer handler on EP0
  72:../common/lpcusb/target/usbinit.c **** 	USBHwRegisterEPIntHandler(0x00, USBHandleControlTransfer);
  53              		.loc 1 72 0
  54 0002 0E4C     		ldr	r4, .L3
  66:../common/lpcusb/target/usbinit.c **** 	
  55              		.loc 1 66 0
  56 0004 FFF7FEFF 		bl	USBHwInit
  57              	.LVL1:
  69:../common/lpcusb/target/usbinit.c **** 	
  58              		.loc 1 69 0
  59 0008 0D48     		ldr	r0, .L3+4
  60 000a FFF7FEFF 		bl	USBHwRegisterDevIntHandler
  61              	.LVL2:
  62              		.loc 1 72 0
  63 000e 2146     		mov	r1, r4
  64 0010 0020     		movs	r0, #0
  65 0012 FFF7FEFF 		bl	USBHwRegisterEPIntHandler
  66              	.LVL3:
  73:../common/lpcusb/target/usbinit.c **** 	USBHwRegisterEPIntHandler(0x80, USBHandleControlTransfer);
  67              		.loc 1 73 0
  68 0016 2146     		mov	r1, r4
  69 0018 8020     		movs	r0, #128
  70 001a FFF7FEFF 		bl	USBHwRegisterEPIntHandler
  71              	.LVL4:
  74:../common/lpcusb/target/usbinit.c **** 	
  75:../common/lpcusb/target/usbinit.c **** 	// setup control endpoints
  76:../common/lpcusb/target/usbinit.c **** 	USBHwEPConfig(0x00, MAX_PACKET_SIZE0);
  72              		.loc 1 76 0
  73 001e 0020     		movs	r0, #0
  74 0020 4021     		movs	r1, #64
  75 0022 FFF7FEFF 		bl	USBHwEPConfig
  76              	.LVL5:
  77:../common/lpcusb/target/usbinit.c **** 	USBHwEPConfig(0x80, MAX_PACKET_SIZE0);
  77              		.loc 1 77 0
  78 0026 8020     		movs	r0, #128
  79 0028 4021     		movs	r1, #64
  80 002a FFF7FEFF 		bl	USBHwEPConfig
  81              	.LVL6:
  78:../common/lpcusb/target/usbinit.c **** 	
  79:../common/lpcusb/target/usbinit.c **** 	// register standard request handler
  80:../common/lpcusb/target/usbinit.c **** 	USBRegisterRequestHandler(REQTYPE_TYPE_STANDARD, USBHandleStandardRequest, abStdReqData);
  82              		.loc 1 80 0
  83 002e 0020     		movs	r0, #0
  84 0030 0449     		ldr	r1, .L3+8
  85 0032 054A     		ldr	r2, .L3+12
  86 0034 FFF7FEFF 		bl	USBRegisterRequestHandler
  87              	.LVL7:
  81:../common/lpcusb/target/usbinit.c **** 
  82:../common/lpcusb/target/usbinit.c **** 	return TRUE;
  83:../common/lpcusb/target/usbinit.c **** }
  88              		.loc 1 83 0
  89 0038 0120     		movs	r0, #1
ARM GAS  /tmp/ccOTqEa3.s 			page 4


  90 003a 10BD     		pop	{r4, pc}
  91              	.L4:
  92              		.align	2
  93              	.L3:
  94 003c 00000000 		.word	USBHandleControlTransfer
  95 0040 00000000 		.word	HandleUsbReset
  96 0044 00000000 		.word	USBHandleStandardRequest
  97 0048 00000000 		.word	.LANCHOR0
  98              		.cfi_endproc
  99              	.LFE1:
 101              		.bss
 102              		.set	.LANCHOR0,. + 0
 105              	abStdReqData:
 106 0000 00000000 		.space	8
 106      00000000 
 107              		.text
 108              	.Letext0:
 109              		.file 2 "../common/lpcusb/target/type.h"
 110              		.file 3 "../common/lpcusb/target/usbstruct.h"
 111              		.file 4 "../common/lpcusb/target/usbapi.h"
 112              		.file 5 "../common/lpcusb/target/usbhw_lpc.h"
ARM GAS  /tmp/ccOTqEa3.s 			page 5


DEFINED SYMBOLS
                            *ABS*:0000000000000000 usbinit.c
     /tmp/ccOTqEa3.s:19     .text.HandleUsbReset:0000000000000000 $t
     /tmp/ccOTqEa3.s:23     .text.HandleUsbReset:0000000000000000 HandleUsbReset
     /tmp/ccOTqEa3.s:37     .text.USBInit:0000000000000000 $t
     /tmp/ccOTqEa3.s:42     .text.USBInit:0000000000000000 USBInit
     /tmp/ccOTqEa3.s:94     .text.USBInit:000000000000003c $d
     /tmp/ccOTqEa3.s:105    .bss:0000000000000000 abStdReqData
     /tmp/ccOTqEa3.s:106    .bss:0000000000000000 $d
                     .debug_frame:0000000000000010 $d

UNDEFINED SYMBOLS
USBHwInit
USBHwRegisterDevIntHandler
USBHwRegisterEPIntHandler
USBHwEPConfig
USBRegisterRequestHandler
USBHandleControlTransfer
USBHandleStandardRequest
