ARM GAS  /tmp/ccW3lR3o.s 			page 1


   1              		.syntax unified
   2              		.cpu cortex-m3
   3              		.fpu softvfp
   4              		.eabi_attribute 20, 1
   5              		.eabi_attribute 21, 1
   6              		.eabi_attribute 23, 3
   7              		.eabi_attribute 24, 1
   8              		.eabi_attribute 25, 1
   9              		.eabi_attribute 26, 1
  10              		.eabi_attribute 30, 4
  11              		.eabi_attribute 34, 1
  12              		.eabi_attribute 18, 4
  13              		.thumb
  14              		.file	"blinky.c"
  15              		.text
  16              	.Ltext0:
  17              		.cfi_sections	.debug_frame
  18              		.section	.text.startup.main,"ax",%progbits
  19              		.align	1
  20              		.global	main
  21              		.thumb
  22              		.thumb_func
  24              	main:
  25              	.LFB0:
  26              		.file 1 "blinky.c"
   1:blinky.c      **** /*
   2:blinky.c      ****  * Copyright 2010 Michael Ossmann
   3:blinky.c      ****  *
   4:blinky.c      ****  * This file is part of Project Ubertooth.
   5:blinky.c      ****  *
   6:blinky.c      ****  * This program is free software; you can redistribute it and/or modify
   7:blinky.c      ****  * it under the terms of the GNU General Public License as published by
   8:blinky.c      ****  * the Free Software Foundation; either version 2, or (at your option)
   9:blinky.c      ****  * any later version.
  10:blinky.c      ****  *
  11:blinky.c      ****  * This program is distributed in the hope that it will be useful,
  12:blinky.c      ****  * but WITHOUT ANY WARRANTY; without even the implied warranty of
  13:blinky.c      ****  * MERCHANTABILITY or FITNESS FOR A PARTICULAR PURPOSE.  See the
  14:blinky.c      ****  * GNU General Public License for more details.
  15:blinky.c      ****  *
  16:blinky.c      ****  * You should have received a copy of the GNU General Public License
  17:blinky.c      ****  * along with this program; see the file COPYING.  If not, write to
  18:blinky.c      ****  * the Free Software Foundation, Inc., 51 Franklin Street,
  19:blinky.c      ****  * Boston, MA 02110-1301, USA.
  20:blinky.c      ****  */
  21:blinky.c      **** 
  22:blinky.c      **** #include "ubertooth.h"
  23:blinky.c      **** 
  24:blinky.c      **** int main()
  25:blinky.c      **** {
  27              		.loc 1 25 0
  28              		.cfi_startproc
  29              		@ Volatile: function does not return.
  30              		@ args = 0, pretend = 0, frame = 0
  31              		@ frame_needed = 0, uses_anonymous_args = 0
  32 0000 08B5     		push	{r3, lr}
  33              		.cfi_def_cfa_offset 8
ARM GAS  /tmp/ccW3lR3o.s 			page 2


  34              		.cfi_offset 3, -8
  35              		.cfi_offset 14, -4
  26:blinky.c      **** 	gpio_init();
  36              		.loc 1 26 0
  37 0002 FFF7FEFF 		bl	gpio_init
  38              	.LVL0:
  39              	.L2:
  27:blinky.c      **** 
  28:blinky.c      **** 	while (1) {
  29:blinky.c      **** 		USRLED_SET;
  40              		.loc 1 29 0 discriminator 1
  41 0006 094B     		ldr	r3, .L4
  42 0008 0226     		movs	r6, #2
  30:blinky.c      **** 		TXLED_SET;
  43              		.loc 1 30 0 discriminator 1
  44 000a 4FF48075 		mov	r5, #256
  31:blinky.c      **** 		RXLED_SET;
  45              		.loc 1 31 0 discriminator 1
  46 000e 1024     		movs	r4, #16
  29:blinky.c      **** 		TXLED_SET;
  47              		.loc 1 29 0 discriminator 1
  48 0010 1E60     		str	r6, [r3]
  32:blinky.c      **** 		wait(1);
  49              		.loc 1 32 0 discriminator 1
  50 0012 0120     		movs	r0, #1
  30:blinky.c      **** 		RXLED_SET;
  51              		.loc 1 30 0 discriminator 1
  52 0014 1D60     		str	r5, [r3]
  31:blinky.c      **** 		wait(1);
  53              		.loc 1 31 0 discriminator 1
  54 0016 1C60     		str	r4, [r3]
  55              		.loc 1 32 0 discriminator 1
  56 0018 FFF7FEFF 		bl	wait
  57              	.LVL1:
  33:blinky.c      **** 		USRLED_CLR;
  58              		.loc 1 33 0 discriminator 1
  59 001c 044B     		ldr	r3, .L4+4
  34:blinky.c      **** 		TXLED_CLR;
  35:blinky.c      **** 		RXLED_CLR;
  36:blinky.c      **** 		wait(1);
  60              		.loc 1 36 0 discriminator 1
  61 001e 0120     		movs	r0, #1
  33:blinky.c      **** 		USRLED_CLR;
  62              		.loc 1 33 0 discriminator 1
  63 0020 1E60     		str	r6, [r3]
  34:blinky.c      **** 		TXLED_CLR;
  64              		.loc 1 34 0 discriminator 1
  65 0022 1D60     		str	r5, [r3]
  35:blinky.c      **** 		wait(1);
  66              		.loc 1 35 0 discriminator 1
  67 0024 1C60     		str	r4, [r3]
  68              		.loc 1 36 0 discriminator 1
  69 0026 FFF7FEFF 		bl	wait
  70              	.LVL2:
  71 002a ECE7     		b	.L2
  72              	.L5:
  73              		.align	2
ARM GAS  /tmp/ccW3lR3o.s 			page 3


  74              	.L4:
  75 002c 38C00920 		.word	537509944
  76 0030 3CC00920 		.word	537509948
  77              		.cfi_endproc
  78              	.LFE0:
  80              		.text
  81              	.Letext0:
  82              		.file 2 "/usr/lib/gcc/arm-none-eabi/4.8.2/include/stdint-gcc.h"
  83              		.file 3 "../common/ubertooth.h"
ARM GAS  /tmp/ccW3lR3o.s 			page 4


DEFINED SYMBOLS
                            *ABS*:0000000000000000 blinky.c
     /tmp/ccW3lR3o.s:19     .text.startup.main:0000000000000000 $t
     /tmp/ccW3lR3o.s:24     .text.startup.main:0000000000000000 main
     /tmp/ccW3lR3o.s:75     .text.startup.main:000000000000002c $d
                     .debug_frame:0000000000000010 $d

UNDEFINED SYMBOLS
gpio_init
wait
